<?xml version="1.0" encoding="UTF-8"?>
<!-- Generated by org.testng.reporters.JUnitReportReporter -->
<testsuite hostname="DESKTOP-5AHUK5D" failures="0" tests="1" name="tests.PLPTests" time="11.689" errors="0" timestamp="18 Aug 2019 18:43:17 GMT" skipped="0">
  <testcase classname="tests.PLPTests" name="goToWhiteIphoneTest" time="11.689"/>
</testsuite> <!-- tests.PLPTests -->
