<?xml version="1.0" encoding="UTF-8"?>
<!-- Generated by org.testng.reporters.JUnitReportReporter -->
<testsuite skipped="0" hostname="OGK-PC8" name="tests.PLPTests" tests="1" failures="0" timestamp="21 Aug 2019 07:56:19 GMT" time="17.995" errors="0">
  <testcase name="goToWhiteIphoneTest" time="17.995" classname="tests.PLPTests"/>
</testsuite> <!-- tests.PLPTests -->
